autoscan: warning: missing AC_CHECK_HEADERS([fcntl.h]) wanted by: 
	hadoop.h:25
autoscan: warning: missing AC_CHECK_HEADERS([stdint.h]) wanted by: 
	hadoop.h:27
autoscan: warning: missing AC_CHECK_HEADERS([stdlib.h]) wanted by: 
	hadoop.h:29
autoscan: warning: missing AC_CHECK_HEADERS([string.h]) wanted by: 
	hadoop.h:28
autoscan: warning: missing AC_HEADER_STDBOOL wanted by: 
	src/conf/Configuration.cpp:19
	src/conf/Configuration.h:17
	src/conf/Configuration.cpp:16
autoscan: warning: missing AC_PREREQ wanted by: 
	autoscan
autoscan: warning: missing AC_PROG_CC wanted by: 
	hadoop.h
	src/conf/Configuration.h
	src/hdfs/DFSClient.h
autoscan: warning: missing AC_PROG_CXX wanted by: 
	test/hw.cpp
	test/conf/ConfigurationTest.cpp
	test/hdfs/DFSClientTest.cpp
	src/conf/Configuration.cpp
	src/hdfs/DFSClient.cpp
	Makefile.in:4
	Makefile.in:15
	Makefile.in:19
autoscan: warning: missing AC_TYPE_INT16_T wanted by: 
	hadoop.h:324
autoscan: warning: missing AC_TYPE_INT32_T wanted by: 
	hadoop.h:57
autoscan: warning: missing AC_TYPE_INT64_T wanted by: 
	hadoop.h:59
autoscan: warning: missing AC_TYPE_SIZE_T wanted by: 
	hadoop.h:294
autoscan: warning: missing AC_TYPE_UINT16_T wanted by: 
	hadoop.h:60
